0 info it worked if it ends with ok
1 verbose cli [ '/usr/local/bin/node',
1 verbose cli   '/usr/local/bin/npm',
1 verbose cli   'run',
1 verbose cli   'watch-example-css' ]
2 info using npm@3.10.5
3 info using node@v5.4.1
4 verbose run-script [ 'prewatch-example-css',
4 verbose run-script   'watch-example-css',
4 verbose run-script   'postwatch-example-css' ]
5 info lifecycle ff-dashboard@0.0.1~prewatch-example-css: ff-dashboard@0.0.1
6 silly lifecycle ff-dashboard@0.0.1~prewatch-example-css: no script for prewatch-example-css, continuing
7 info lifecycle ff-dashboard@0.0.1~watch-example-css: ff-dashboard@0.0.1
8 verbose lifecycle ff-dashboard@0.0.1~watch-example-css: unsafe-perm in lifecycle true
9 verbose lifecycle ff-dashboard@0.0.1~watch-example-css: PATH: /usr/local/lib/node_modules/npm/bin/node-gyp-bin:/Users/yutakahoulette/ff-dashboard/node_modules/.bin:/usr/local/bin:/Users/yutakahoulette/.rbenv/shims:/usr/local/heroku/bin:/Applications/Postgres93.app/Contents/MacOS/bin:/usr/local/bin:/Applications/Sublime Text.app/Contents/SharedSupport/bin:/usr/local/bin:/usr/bin:/bin:/usr/sbin:/sbin:/usr/local/git/bin:/Users/yutakahoulette/.vimpkg/bin
10 verbose lifecycle ff-dashboard@0.0.1~watch-example-css: CWD: /Users/yutakahoulette/ff-dashboard
11 silly lifecycle ff-dashboard@0.0.1~watch-example-css: Args: [ '-c',
11 silly lifecycle   'postcss --use postcss-import -w -l -o example/index.css example/build.css' ]
12 silly lifecycle ff-dashboard@0.0.1~watch-example-css: Returned: code: 1  signal: null
13 info lifecycle ff-dashboard@0.0.1~watch-example-css: Failed to exec watch-example-css script
14 verbose stack Error: ff-dashboard@0.0.1 watch-example-css: `postcss --use postcss-import -w -l -o example/index.css example/build.css`
14 verbose stack Exit status 1
14 verbose stack     at EventEmitter.<anonymous> (/usr/local/lib/node_modules/npm/lib/utils/lifecycle.js:242:16)
14 verbose stack     at emitTwo (events.js:87:13)
14 verbose stack     at EventEmitter.emit (events.js:172:7)
14 verbose stack     at ChildProcess.<anonymous> (/usr/local/lib/node_modules/npm/lib/utils/spawn.js:40:14)
14 verbose stack     at emitTwo (events.js:87:13)
14 verbose stack     at ChildProcess.emit (events.js:172:7)
14 verbose stack     at maybeClose (internal/child_process.js:821:16)
14 verbose stack     at Process.ChildProcess._handle.onexit (internal/child_process.js:211:5)
15 verbose pkgid ff-dashboard@0.0.1
16 verbose cwd /Users/yutakahoulette/ff-dashboard
17 error Darwin 15.4.0
18 error argv "/usr/local/bin/node" "/usr/local/bin/npm" "run" "watch-example-css"
19 error node v5.4.1
20 error npm  v3.10.5
21 error code ELIFECYCLE
22 error ff-dashboard@0.0.1 watch-example-css: `postcss --use postcss-import -w -l -o example/index.css example/build.css`
22 error Exit status 1
23 error Failed at the ff-dashboard@0.0.1 watch-example-css script 'postcss --use postcss-import -w -l -o example/index.css example/build.css'.
23 error Make sure you have the latest version of node.js and npm installed.
23 error If you do, this is most likely a problem with the ff-dashboard package,
23 error not with npm itself.
23 error Tell the author that this fails on your system:
23 error     postcss --use postcss-import -w -l -o example/index.css example/build.css
23 error You can get information on how to open an issue for this project with:
23 error     npm bugs ff-dashboard
23 error Or if that isn't available, you can get their info via:
23 error     npm owner ls ff-dashboard
23 error There is likely additional logging output above.
24 verbose exit [ 1, true ]
